

Started GET "/" for ::1 at 2018-09-25 11:57:03 -0400

ActiveRecord::NoDatabaseError (Unknown database 'Overtime_development'):
  activerecord (4.2.10) lib/active_record/connection_adapters/mysql2_adapter.rb:23:in `rescue in mysql2_connection'
  activerecord (4.2.10) lib/active_record/connection_adapters/mysql2_adapter.rb:9:in `mysql2_connection'
  activerecord (4.2.10) lib/active_record/connection_adapters/abstract/connection_pool.rb:438:in `new_connection'
  activerecord (4.2.10) lib/active_record/connection_adapters/abstract/connection_pool.rb:448:in `checkout_new_connection'
  activerecord (4.2.10) lib/active_record/connection_adapters/abstract/connection_pool.rb:422:in `acquire_connection'
  activerecord (4.2.10) lib/active_record/connection_adapters/abstract/connection_pool.rb:349:in `block in checkout'
  /Users/smcarthur/.rbenv/versions/2.4.4/lib/ruby/2.4.0/monitor.rb:214:in `mon_synchronize'
  activerecord (4.2.10) lib/active_record/connection_adapters/abstract/connection_pool.rb:348:in `checkout'
  activerecord (4.2.10) lib/active_record/connection_adapters/abstract/connection_pool.rb:263:in `block in connection'
  /Users/smcarthur/.rbenv/versions/2.4.4/lib/ruby/2.4.0/monitor.rb:214:in `mon_synchronize'
  activerecord (4.2.10) lib/active_record/connection_adapters/abstract/connection_pool.rb:262:in `connection'
  activerecord (4.2.10) lib/active_record/connection_adapters/abstract/connection_pool.rb:571:in `retrieve_connection'
  activerecord (4.2.10) lib/active_record/connection_handling.rb:113:in `retrieve_connection'
  activerecord (4.2.10) lib/active_record/connection_handling.rb:87:in `connection'
  activerecord (4.2.10) lib/active_record/migration.rb:383:in `connection'
  activerecord (4.2.10) lib/active_record/migration.rb:370:in `call'
  actionpack (4.2.10) lib/action_dispatch/middleware/callbacks.rb:29:in `block in call'
  activesupport (4.2.10) lib/active_support/callbacks.rb:88:in `__run_callbacks__'
  activesupport (4.2.10) lib/active_support/callbacks.rb:778:in `_run_call_callbacks'
  activesupport (4.2.10) lib/active_support/callbacks.rb:81:in `run_callbacks'
  actionpack (4.2.10) lib/action_dispatch/middleware/callbacks.rb:27:in `call'
  actionpack (4.2.10) lib/action_dispatch/middleware/reloader.rb:73:in `call'
  actionpack (4.2.10) lib/action_dispatch/middleware/remote_ip.rb:78:in `call'
  actionpack (4.2.10) lib/action_dispatch/middleware/debug_exceptions.rb:17:in `call'
  web-console (2.3.0) lib/web_console/middleware.rb:28:in `block in call'
  web-console (2.3.0) lib/web_console/middleware.rb:18:in `catch'
  web-console (2.3.0) lib/web_console/middleware.rb:18:in `call'
  actionpack (4.2.10) lib/action_dispatch/middleware/show_exceptions.rb:30:in `call'
  railties (4.2.10) lib/rails/rack/logger.rb:38:in `call_app'
  railties (4.2.10) lib/rails/rack/logger.rb:20:in `block in call'
  activesupport (4.2.10) lib/active_support/tagged_logging.rb:68:in `block in tagged'
  activesupport (4.2.10) lib/active_support/tagged_logging.rb:26:in `tagged'
  activesupport (4.2.10) lib/active_support/tagged_logging.rb:68:in `tagged'
  railties (4.2.10) lib/rails/rack/logger.rb:20:in `call'
  actionpack (4.2.10) lib/action_dispatch/middleware/request_id.rb:21:in `call'
  rack (1.6.10) lib/rack/methodoverride.rb:22:in `call'
  rack (1.6.10) lib/rack/runtime.rb:18:in `call'
  activesupport (4.2.10) lib/active_support/cache/strategy/local_cache_middleware.rb:28:in `call'
  rack (1.6.10) lib/rack/lock.rb:17:in `call'
  actionpack (4.2.10) lib/action_dispatch/middleware/static.rb:120:in `call'
  rack (1.6.10) lib/rack/sendfile.rb:113:in `call'
  railties (4.2.10) lib/rails/engine.rb:518:in `call'
  railties (4.2.10) lib/rails/application.rb:165:in `call'
  rack (1.6.10) lib/rack/content_length.rb:15:in `call'
  puma (3.12.0) lib/puma/configuration.rb:225:in `call'
  puma (3.12.0) lib/puma/server.rb:658:in `handle_request'
  puma (3.12.0) lib/puma/server.rb:472:in `process_client'
  puma (3.12.0) lib/puma/server.rb:332:in `block in run'
  puma (3.12.0) lib/puma/thread_pool.rb:133:in `block in spawn_thread'


  Rendered /Users/smcarthur/.rbenv/versions/2.4.4/lib/ruby/gems/2.4.0/gems/actionpack-4.2.10/lib/action_dispatch/middleware/templates/rescues/_source.erb (8.1ms)
  Rendered /Users/smcarthur/.rbenv/versions/2.4.4/lib/ruby/gems/2.4.0/gems/actionpack-4.2.10/lib/action_dispatch/middleware/templates/rescues/_trace.html.erb (4.6ms)
  Rendered /Users/smcarthur/.rbenv/versions/2.4.4/lib/ruby/gems/2.4.0/gems/actionpack-4.2.10/lib/action_dispatch/middleware/templates/rescues/_request_and_response.html.erb (1.8ms)
  Rendered /Users/smcarthur/.rbenv/versions/2.4.4/lib/ruby/gems/2.4.0/gems/actionpack-4.2.10/lib/action_dispatch/middleware/templates/rescues/diagnostics.html.erb within rescues/layout (101.0ms)
  Rendered /Users/smcarthur/.rbenv/versions/2.4.4/lib/ruby/gems/2.4.0/gems/web-console-2.3.0/lib/web_console/templates/_markup.html.erb (0.5ms)
  Rendered /Users/smcarthur/.rbenv/versions/2.4.4/lib/ruby/gems/2.4.0/gems/web-console-2.3.0/lib/web_console/templates/_inner_console_markup.html.erb within layouts/inlined_string (0.3ms)
  Rendered /Users/smcarthur/.rbenv/versions/2.4.4/lib/ruby/gems/2.4.0/gems/web-console-2.3.0/lib/web_console/templates/_prompt_box_markup.html.erb within layouts/inlined_string (0.3ms)
  Rendered /Users/smcarthur/.rbenv/versions/2.4.4/lib/ruby/gems/2.4.0/gems/web-console-2.3.0/lib/web_console/templates/style.css.erb within layouts/inlined_string (0.4ms)
  Rendered /Users/smcarthur/.rbenv/versions/2.4.4/lib/ruby/gems/2.4.0/gems/web-console-2.3.0/lib/web_console/templates/console.js.erb within layouts/javascript (97.4ms)
  Rendered /Users/smcarthur/.rbenv/versions/2.4.4/lib/ruby/gems/2.4.0/gems/web-console-2.3.0/lib/web_console/templates/main.js.erb within layouts/javascript (0.3ms)
  Rendered /Users/smcarthur/.rbenv/versions/2.4.4/lib/ruby/gems/2.4.0/gems/web-console-2.3.0/lib/web_console/templates/error_page.js.erb within layouts/javascript (0.4ms)
  Rendered /Users/smcarthur/.rbenv/versions/2.4.4/lib/ruby/gems/2.4.0/gems/web-console-2.3.0/lib/web_console/templates/index.html.erb (213.5ms)
  [1m[36m (8.2ms)[0m  [1mCREATE TABLE `audit_logs` (`id` int(11) auto_increment PRIMARY KEY, `user_id` int(11), `status` int(11) DEFAULT 0, `start_date` date, `end_date` date, `created_at` datetime NOT NULL, `updated_at` datetime NOT NULL) ENGINE=InnoDB[0m
  [1m[35m (10.1ms)[0m  CREATE  INDEX `index_audit_logs_on_user_id` USING btree ON `audit_logs` (`user_id`) 
  [1m[36m (8.0ms)[0m  [1mCREATE TABLE `posts` (`id` int(11) auto_increment PRIMARY KEY, `date` date, `rationale` text, `created_at` datetime NOT NULL, `updated_at` datetime NOT NULL, `user_id` int(11), `status` int(11) DEFAULT 0, `overtime_request` decimal(10) DEFAULT 0) ENGINE=InnoDB[0m
  [1m[35m (10.4ms)[0m  CREATE  INDEX `index_posts_on_user_id` USING btree ON `posts` (`user_id`) 
  [1m[36m (11.2ms)[0m  [1mCREATE TABLE `users` (`id` int(11) auto_increment PRIMARY KEY, `email` varchar(255) DEFAULT '' NOT NULL, `encrypted_password` varchar(255) DEFAULT '' NOT NULL, `reset_password_token` varchar(255), `reset_password_sent_at` datetime, `remember_created_at` datetime, `sign_in_count` int(11) DEFAULT 0 NOT NULL, `current_sign_in_at` datetime, `last_sign_in_at` datetime, `current_sign_in_ip` varchar(255), `last_sign_in_ip` varchar(255), `first_name` varchar(255), `last_name` varchar(255), `username` varchar(255), `created_at` datetime NOT NULL, `updated_at` datetime NOT NULL, `type` varchar(255), `phone` varchar(255)) ENGINE=InnoDB[0m
  [1m[35m (4.9ms)[0m  CREATE UNIQUE INDEX `index_users_on_email` USING btree ON `users` (`email`) 
  [1m[36m (10.1ms)[0m  [1mCREATE UNIQUE INDEX `index_users_on_reset_password_token` USING btree ON `users` (`reset_password_token`) [0m
  [1m[35m (16.1ms)[0m  ALTER TABLE `audit_logs` ADD CONSTRAINT `fk_rails_1f26bc34ae`
FOREIGN KEY (`user_id`)
  REFERENCES `users` (`id`)

  [1m[36m (14.1ms)[0m  [1mALTER TABLE `posts` ADD CONSTRAINT `fk_rails_5b5ddfd518`
FOREIGN KEY (`user_id`)
  REFERENCES `users` (`id`)
[0m
  [1m[35m (7.2ms)[0m  CREATE TABLE `schema_migrations` (`version` varchar(255) NOT NULL) ENGINE=InnoDB
  [1m[36m (12.4ms)[0m  [1mCREATE UNIQUE INDEX `unique_schema_migrations`  ON `schema_migrations` (`version`) [0m
  [1m[35m (0.5ms)[0m  SELECT version FROM `schema_migrations`
  [1m[36m (1.5ms)[0m  [1mINSERT INTO `schema_migrations` (version) VALUES ('20180910192428')[0m
  [1m[35m (1.0ms)[0m  INSERT INTO `schema_migrations` (version) VALUES ('20180814204459')
  [1m[36m (1.5ms)[0m  [1mINSERT INTO `schema_migrations` (version) VALUES ('20180814165652')[0m
  [1m[35m (0.8ms)[0m  INSERT INTO `schema_migrations` (version) VALUES ('20180906183217')
  [1m[36m (0.8ms)[0m  [1mINSERT INTO `schema_migrations` (version) VALUES ('20180904193229')[0m
  [1m[35m (0.8ms)[0m  INSERT INTO `schema_migrations` (version) VALUES ('20180814163135')
  [1m[36m (0.7ms)[0m  [1mINSERT INTO `schema_migrations` (version) VALUES ('20180814190309')[0m
  [1m[35m (0.8ms)[0m  INSERT INTO `schema_migrations` (version) VALUES ('20180827213158')
  [1m[36m (9.1ms)[0m  [1mCREATE TABLE `audit_logs` (`id` int(11) auto_increment PRIMARY KEY, `user_id` int(11), `status` int(11) DEFAULT 0, `start_date` date, `end_date` date, `created_at` datetime NOT NULL, `updated_at` datetime NOT NULL) ENGINE=InnoDB[0m
  [1m[35m (5.0ms)[0m  CREATE  INDEX `index_audit_logs_on_user_id` USING btree ON `audit_logs` (`user_id`) 
  [1m[36m (7.4ms)[0m  [1mCREATE TABLE `posts` (`id` int(11) auto_increment PRIMARY KEY, `date` date, `rationale` text, `created_at` datetime NOT NULL, `updated_at` datetime NOT NULL, `user_id` int(11), `status` int(11) DEFAULT 0, `overtime_request` decimal(10) DEFAULT 0) ENGINE=InnoDB[0m
  [1m[35m (10.9ms)[0m  CREATE  INDEX `index_posts_on_user_id` USING btree ON `posts` (`user_id`) 
  [1m[36m (8.6ms)[0m  [1mCREATE TABLE `users` (`id` int(11) auto_increment PRIMARY KEY, `email` varchar(255) DEFAULT '' NOT NULL, `encrypted_password` varchar(255) DEFAULT '' NOT NULL, `reset_password_token` varchar(255), `reset_password_sent_at` datetime, `remember_created_at` datetime, `sign_in_count` int(11) DEFAULT 0 NOT NULL, `current_sign_in_at` datetime, `last_sign_in_at` datetime, `current_sign_in_ip` varchar(255), `last_sign_in_ip` varchar(255), `first_name` varchar(255), `last_name` varchar(255), `username` varchar(255), `created_at` datetime NOT NULL, `updated_at` datetime NOT NULL, `type` varchar(255), `phone` varchar(255)) ENGINE=InnoDB[0m
  [1m[35m (5.0ms)[0m  CREATE UNIQUE INDEX `index_users_on_email` USING btree ON `users` (`email`) 
  [1m[36m (11.4ms)[0m  [1mCREATE UNIQUE INDEX `index_users_on_reset_password_token` USING btree ON `users` (`reset_password_token`) [0m
  [1m[35m (16.1ms)[0m  ALTER TABLE `audit_logs` ADD CONSTRAINT `fk_rails_1f26bc34ae`
FOREIGN KEY (`user_id`)
  REFERENCES `users` (`id`)

  [1m[36m (16.1ms)[0m  [1mALTER TABLE `posts` ADD CONSTRAINT `fk_rails_5b5ddfd518`
FOREIGN KEY (`user_id`)
  REFERENCES `users` (`id`)
[0m
  [1m[35m (6.3ms)[0m  CREATE TABLE `schema_migrations` (`version` varchar(255) NOT NULL) ENGINE=InnoDB
  [1m[36m (13.1ms)[0m  [1mCREATE UNIQUE INDEX `unique_schema_migrations`  ON `schema_migrations` (`version`) [0m
  [1m[35m (0.7ms)[0m  SELECT version FROM `schema_migrations`
  [1m[36m (1.3ms)[0m  [1mINSERT INTO `schema_migrations` (version) VALUES ('20180910192428')[0m
  [1m[35m (1.9ms)[0m  INSERT INTO `schema_migrations` (version) VALUES ('20180814204459')
  [1m[36m (0.9ms)[0m  [1mINSERT INTO `schema_migrations` (version) VALUES ('20180814165652')[0m
  [1m[35m (0.8ms)[0m  INSERT INTO `schema_migrations` (version) VALUES ('20180906183217')
  [1m[36m (0.8ms)[0m  [1mINSERT INTO `schema_migrations` (version) VALUES ('20180904193229')[0m
  [1m[35m (0.8ms)[0m  INSERT INTO `schema_migrations` (version) VALUES ('20180814163135')
  [1m[36m (0.8ms)[0m  [1mINSERT INTO `schema_migrations` (version) VALUES ('20180814190309')[0m
  [1m[35m (0.8ms)[0m  INSERT INTO `schema_migrations` (version) VALUES ('20180827213158')
  [1m[36mActiveRecord::SchemaMigration Load (0.6ms)[0m  [1mSELECT `schema_migrations`.* FROM `schema_migrations`[0m
  [1m[35m (0.9ms)[0m  BEGIN
  [1m[36mUser Exists (1.1ms)[0m  [1mSELECT  1 AS one FROM `users` WHERE `users`.`email` = BINARY 'user@test.com' LIMIT 1[0m
  [1m[35mSQL (0.6ms)[0m  INSERT INTO `users` (`email`, `encrypted_password`, `first_name`, `last_name`, `phone`, `created_at`, `updated_at`) VALUES ('user@test.com', '$2a$11$msI.PNC9ftxwZGSJ9BMpU.qA8uHox02q6Go2nuq/wO3VFZZ9lZIKq', 'Reg', 'User', '5196436458', '2018-09-25 15:57:31', '2018-09-25 15:57:31')
  [1m[36m (1.5ms)[0m  [1mCOMMIT[0m
  [1m[35m (0.6ms)[0m  BEGIN
  [1m[36mSQL (0.9ms)[0m  [1mINSERT INTO `posts` (`date`, `rationale`, `user_id`, `overtime_request`, `created_at`, `updated_at`) VALUES ('2018-09-25', '0 - reg user rationale content', 1, 2, '2018-09-25 15:57:31', '2018-09-25 15:57:31')[0m
  [1m[35m (1.9ms)[0m  COMMIT
  [1m[36m (0.4ms)[0m  [1mBEGIN[0m
  [1m[35mSQL (0.5ms)[0m  INSERT INTO `posts` (`date`, `rationale`, `user_id`, `overtime_request`, `created_at`, `updated_at`) VALUES ('2018-09-25', '1 - reg user rationale content', 1, 2, '2018-09-25 15:57:31', '2018-09-25 15:57:31')
  [1m[36m (1.6ms)[0m  [1mCOMMIT[0m
  [1m[35m (0.4ms)[0m  BEGIN
  [1m[36mSQL (0.7ms)[0m  [1mINSERT INTO `posts` (`date`, `rationale`, `user_id`, `overtime_request`, `created_at`, `updated_at`) VALUES ('2018-09-25', '2 - reg user rationale content', 1, 2, '2018-09-25 15:57:31', '2018-09-25 15:57:31')[0m
  [1m[35m (0.9ms)[0m  COMMIT
  [1m[36m (0.3ms)[0m  [1mBEGIN[0m
  [1m[35mSQL (0.7ms)[0m  INSERT INTO `posts` (`date`, `rationale`, `user_id`, `overtime_request`, `created_at`, `updated_at`) VALUES ('2018-09-25', '3 - reg user rationale content', 1, 2, '2018-09-25 15:57:31', '2018-09-25 15:57:31')
  [1m[36m (1.5ms)[0m  [1mCOMMIT[0m
  [1m[35m (0.3ms)[0m  BEGIN
  [1m[36mSQL (0.5ms)[0m  [1mINSERT INTO `posts` (`date`, `rationale`, `user_id`, `overtime_request`, `created_at`, `updated_at`) VALUES ('2018-09-25', '4 - reg user rationale content', 1, 2, '2018-09-25 15:57:31', '2018-09-25 15:57:31')[0m
  [1m[35m (0.9ms)[0m  COMMIT
  [1m[36m (0.9ms)[0m  [1mBEGIN[0m
  [1m[35mUser Exists (0.9ms)[0m  SELECT  1 AS one FROM `users` WHERE `users`.`email` = BINARY 'admin@test.com' LIMIT 1
  [1m[36mSQL (0.6ms)[0m  [1mINSERT INTO `users` (`type`, `email`, `encrypted_password`, `first_name`, `last_name`, `phone`, `created_at`, `updated_at`) VALUES ('AdminUser', 'admin@test.com', '$2a$11$ph6iSWfELVeunbwpMpcFfO/wIZ8eiWMCHFa349Q1WjBluMmPF4Dhq', 'Admin', 'Name', '5196436458', '2018-09-25 15:57:31', '2018-09-25 15:57:31')[0m
  [1m[35m (2.2ms)[0m  COMMIT
  [1m[36m (0.3ms)[0m  [1mBEGIN[0m
  [1m[35mSQL (0.5ms)[0m  INSERT INTO `posts` (`date`, `rationale`, `user_id`, `created_at`, `updated_at`) VALUES ('2018-09-25', '0 - admin post rationale content', 2, '2018-09-25 15:57:31', '2018-09-25 15:57:31')
  [1m[36m (4.0ms)[0m  [1mCOMMIT[0m
  [1m[35m (0.4ms)[0m  BEGIN
  [1m[36mSQL (0.4ms)[0m  [1mINSERT INTO `posts` (`date`, `rationale`, `user_id`, `created_at`, `updated_at`) VALUES ('2018-09-25', '1 - admin post rationale content', 2, '2018-09-25 15:57:31', '2018-09-25 15:57:31')[0m
  [1m[35m (1.7ms)[0m  COMMIT
  [1m[36m (0.4ms)[0m  [1mBEGIN[0m
  [1m[35mSQL (0.6ms)[0m  INSERT INTO `posts` (`date`, `rationale`, `user_id`, `created_at`, `updated_at`) VALUES ('2018-09-25', '2 - admin post rationale content', 2, '2018-09-25 15:57:31', '2018-09-25 15:57:31')
  [1m[36m (1.2ms)[0m  [1mCOMMIT[0m
  [1m[35m (0.4ms)[0m  BEGIN
  [1m[36mSQL (0.5ms)[0m  [1mINSERT INTO `posts` (`date`, `rationale`, `user_id`, `created_at`, `updated_at`) VALUES ('2018-09-25', '3 - admin post rationale content', 2, '2018-09-25 15:57:31', '2018-09-25 15:57:31')[0m
  [1m[35m (0.8ms)[0m  COMMIT
  [1m[36m (0.3ms)[0m  [1mBEGIN[0m
  [1m[35mSQL (0.4ms)[0m  INSERT INTO `posts` (`date`, `rationale`, `user_id`, `created_at`, `updated_at`) VALUES ('2018-09-25', '4 - admin post rationale content', 2, '2018-09-25 15:57:31', '2018-09-25 15:57:31')
  [1m[36m (1.2ms)[0m  [1mCOMMIT[0m
  [1m[35mUser Load (0.7ms)[0m  SELECT  `users`.* FROM `users`  ORDER BY `users`.`id` DESC LIMIT 1
  [1m[36m (0.5ms)[0m  [1mBEGIN[0m
  [1m[35mSQL (0.6ms)[0m  INSERT INTO `audit_logs` (`user_id`, `start_date`, `created_at`, `updated_at`) VALUES (2, '2018-09-19', '2018-09-25 15:57:31', '2018-09-25 15:57:31')
  [1m[36m (1.9ms)[0m  [1mCOMMIT[0m
  [1m[35mUser Load (0.5ms)[0m  SELECT  `users`.* FROM `users`  ORDER BY `users`.`id` DESC LIMIT 1
  [1m[36m (0.3ms)[0m  [1mBEGIN[0m
  [1m[35mSQL (1.8ms)[0m  INSERT INTO `audit_logs` (`user_id`, `status`, `start_date`, `created_at`, `updated_at`) VALUES (2, 1, '2018-09-19', '2018-09-25 15:57:31', '2018-09-25 15:57:31')
  [1m[36m (1.7ms)[0m  [1mCOMMIT[0m
  [1m[35mUser Load (0.5ms)[0m  SELECT  `users`.* FROM `users`  ORDER BY `users`.`id` DESC LIMIT 1


Started GET "/" for ::1 at 2018-09-25 11:58:09 -0400
  [1m[36mActiveRecord::SchemaMigration Load (0.6ms)[0m  [1mSELECT `schema_migrations`.* FROM `schema_migrations`[0m
Processing by StaticController#homepage as HTML
Completed 401 Unauthorized in 19ms (ActiveRecord: 0.0ms)


Started GET "/users/sign_in" for ::1 at 2018-09-25 11:58:09 -0400
Processing by Devise::SessionsController#new as HTML
  Rendered devise/shared/_links.html.erb (0.7ms)
  Rendered devise/sessions/new.html.erb within layouts/application (27.4ms)
DEPRECATION WARNING: Extra .css in SCSS file is unnecessary. Rename /Users/smcarthur/.rbenv/versions/2.4.4/lib/ruby/gems/2.4.0/gems/gritter-1.2.0/app/assets/stylesheets/gritter.css.scss to /Users/smcarthur/.rbenv/versions/2.4.4/lib/ruby/gems/2.4.0/gems/gritter-1.2.0/app/assets/stylesheets/gritter.scss. (called from _app_views_layouts_application_html_erb___2993051031064261977_70347106832360 at /Users/smcarthur/RubymineProjects/ci_setup/overtime-app/app/views/layouts/application.html.erb:5)
DEPRECATION WARNING: Extra .css in SCSS file is unnecessary. Rename /Users/smcarthur/.rbenv/versions/2.4.4/lib/ruby/gems/2.4.0/gems/gritter-1.2.0/app/assets/stylesheets/gritter.css.scss to /Users/smcarthur/.rbenv/versions/2.4.4/lib/ruby/gems/2.4.0/gems/gritter-1.2.0/app/assets/stylesheets/gritter.scss. (called from _app_views_layouts_application_html_erb___2993051031064261977_70347106832360 at /Users/smcarthur/RubymineProjects/ci_setup/overtime-app/app/views/layouts/application.html.erb:5)
  Rendered shared/_nav.html.erb (1.6ms)
  Rendered shared/_alerts.html.erb (0.7ms)
Completed 200 OK in 4767ms (Views: 4740.6ms | ActiveRecord: 2.1ms)


Started GET "/assets/application.self-6825fa2f5e4f41b62cd5b5283b45a1cd0725d4fa0ee9602c566b1c1f87682c43.css?body=1" for ::1 at 2018-09-25 11:58:14 -0400


Started GET "/assets/jquery_ujs.self-784a997f6726036b1993eb2217c9cb558e1cbb801c6da88105588c56f13b466a.js?body=1" for ::1 at 2018-09-25 11:58:14 -0400


Started GET "/assets/audit_logs.self-877aef30ae1b040ab8a3aba4e3e309a11d7f2612f44dde450b5c157aa5f95c05.js?body=1" for ::1 at 2018-09-25 11:58:14 -0400


Started GET "/assets/pagination.self-cbf2aeef201a14bbeb5900ab04548c3b5b780b3cef05965c8b6a41bd261542be.js?body=1" for ::1 at 2018-09-25 11:58:14 -0400


Started GET "/assets/posts.self-877aef30ae1b040ab8a3aba4e3e309a11d7f2612f44dde450b5c157aa5f95c05.js?body=1" for ::1 at 2018-09-25 11:58:14 -0400


Started GET "/assets/gritter.self-86104ae046aab8f5708e562e890c59491b8caf9bc6b1d9afd7acdfdcf0baf693.js?body=1" for ::1 at 2018-09-25 11:58:14 -0400


Started GET "/assets/application.self-7862a8a8b42407b4741a1adeeea35f0d13ddc4f702ec532adb0674491d296495.js?body=1" for ::1 at 2018-09-25 11:58:14 -0400


Started POST "/users/sign_in" for ::1 at 2018-09-25 11:59:04 -0400
Processing by Devise::SessionsController#create as HTML
  Parameters: {"utf8"=>"✓", "authenticity_token"=>"n2dWBro7kIkWir6gf1zIa53SfRUa6JMVaKq2lxoI5cA+86NL6HgTVXgmc7hHRWI5eDM6tKgwkheSy0KL/Qg8Hw==", "user"=>{"email"=>"admin@test.com", "password"=>"[FILTERED]", "remember_me"=>"0"}, "commit"=>"Log in"}
  [1m[35mUser Load (0.8ms)[0m  SELECT  `users`.* FROM `users` WHERE `users`.`email` = 'admin@test.com'  ORDER BY `users`.`id` ASC LIMIT 1
  [1m[36m (0.8ms)[0m  [1mBEGIN[0m
  [1m[35mSQL (1.2ms)[0m  UPDATE `users` SET `last_sign_in_at` = '2018-09-25 15:59:04', `current_sign_in_at` = '2018-09-25 15:59:04', `last_sign_in_ip` = '::1', `current_sign_in_ip` = '::1', `sign_in_count` = 1, `updated_at` = '2018-09-25 15:59:04' WHERE `users`.`id` = 2
  [1m[36m (1.7ms)[0m  [1mCOMMIT[0m
Redirected to http://localhost:3000/
Completed 302 Found in 182ms (ActiveRecord: 4.4ms)


Started GET "/" for ::1 at 2018-09-25 11:59:04 -0400
Processing by StaticController#homepage as HTML
  [1m[35mUser Load (0.8ms)[0m  SELECT  `users`.* FROM `users` WHERE `users`.`id` = 2  ORDER BY `users`.`id` ASC LIMIT 1
  Rendered static/_admin.html.erb (0.2ms)
  Rendered static/homepage.html.erb within layouts/application (2.6ms)
  Rendered shared/_audit_log_tab.html.erb (0.5ms)
  Rendered shared/_nav.html.erb (9.4ms)
  Rendered shared/_alerts.html.erb (0.1ms)
Completed 200 OK in 59ms (Views: 56.5ms | ActiveRecord: 0.8ms)
  [1m[36m (8.4ms)[0m  [1mCREATE TABLE `audit_logs` (`id` int(11) auto_increment PRIMARY KEY, `user_id` int(11), `status` int(11) DEFAULT 0, `start_date` date, `end_date` date, `created_at` datetime NOT NULL, `updated_at` datetime NOT NULL) ENGINE=InnoDB[0m
  [1m[35m (9.7ms)[0m  CREATE  INDEX `index_audit_logs_on_user_id` USING btree ON `audit_logs` (`user_id`) 
  [1m[36m (8.4ms)[0m  [1mCREATE TABLE `posts` (`id` int(11) auto_increment PRIMARY KEY, `date` date, `rationale` text, `created_at` datetime NOT NULL, `updated_at` datetime NOT NULL, `user_id` int(11), `status` int(11) DEFAULT 0, `overtime_request` decimal(10) DEFAULT 0) ENGINE=InnoDB[0m
  [1m[35m (10.4ms)[0m  CREATE  INDEX `index_posts_on_user_id` USING btree ON `posts` (`user_id`) 
  [1m[36m (8.7ms)[0m  [1mCREATE TABLE `users` (`id` int(11) auto_increment PRIMARY KEY, `email` varchar(255) DEFAULT '' NOT NULL, `encrypted_password` varchar(255) DEFAULT '' NOT NULL, `reset_password_token` varchar(255), `reset_password_sent_at` datetime, `remember_created_at` datetime, `sign_in_count` int(11) DEFAULT 0 NOT NULL, `current_sign_in_at` datetime, `last_sign_in_at` datetime, `current_sign_in_ip` varchar(255), `last_sign_in_ip` varchar(255), `first_name` varchar(255), `last_name` varchar(255), `username` varchar(255), `created_at` datetime NOT NULL, `updated_at` datetime NOT NULL, `type` varchar(255), `phone` varchar(255)) ENGINE=InnoDB[0m
  [1m[35m (6.1ms)[0m  CREATE UNIQUE INDEX `index_users_on_email` USING btree ON `users` (`email`) 
  [1m[36m (11.0ms)[0m  [1mCREATE UNIQUE INDEX `index_users_on_reset_password_token` USING btree ON `users` (`reset_password_token`) [0m
  [1m[35m (19.8ms)[0m  ALTER TABLE `audit_logs` ADD CONSTRAINT `fk_rails_1f26bc34ae`
FOREIGN KEY (`user_id`)
  REFERENCES `users` (`id`)

  [1m[36m (21.8ms)[0m  [1mALTER TABLE `posts` ADD CONSTRAINT `fk_rails_5b5ddfd518`
FOREIGN KEY (`user_id`)
  REFERENCES `users` (`id`)
[0m
  [1m[35m (8.1ms)[0m  CREATE TABLE `schema_migrations` (`version` varchar(255) NOT NULL) ENGINE=InnoDB
  [1m[36m (16.2ms)[0m  [1mCREATE UNIQUE INDEX `unique_schema_migrations`  ON `schema_migrations` (`version`) [0m
  [1m[35m (0.6ms)[0m  SELECT version FROM `schema_migrations`
  [1m[36m (1.2ms)[0m  [1mINSERT INTO `schema_migrations` (version) VALUES ('20180910192428')[0m
  [1m[35m (1.8ms)[0m  INSERT INTO `schema_migrations` (version) VALUES ('20180814204459')
  [1m[36m (1.0ms)[0m  [1mINSERT INTO `schema_migrations` (version) VALUES ('20180814165652')[0m
  [1m[35m (0.9ms)[0m  INSERT INTO `schema_migrations` (version) VALUES ('20180906183217')
  [1m[36m (1.0ms)[0m  [1mINSERT INTO `schema_migrations` (version) VALUES ('20180904193229')[0m
  [1m[35m (1.0ms)[0m  INSERT INTO `schema_migrations` (version) VALUES ('20180814163135')
  [1m[36m (1.2ms)[0m  [1mINSERT INTO `schema_migrations` (version) VALUES ('20180814190309')[0m
  [1m[35m (1.2ms)[0m  INSERT INTO `schema_migrations` (version) VALUES ('20180827213158')
  [1m[36m (8.6ms)[0m  [1mCREATE TABLE `audit_logs` (`id` int(11) auto_increment PRIMARY KEY, `user_id` int(11), `status` int(11) DEFAULT 0, `start_date` date, `end_date` date, `created_at` datetime NOT NULL, `updated_at` datetime NOT NULL) ENGINE=InnoDB[0m
  [1m[35m (6.4ms)[0m  CREATE  INDEX `index_audit_logs_on_user_id` USING btree ON `audit_logs` (`user_id`) 
  [1m[36m (6.9ms)[0m  [1mCREATE TABLE `posts` (`id` int(11) auto_increment PRIMARY KEY, `date` date, `rationale` text, `created_at` datetime NOT NULL, `updated_at` datetime NOT NULL, `user_id` int(11), `status` int(11) DEFAULT 0, `overtime_request` decimal(10) DEFAULT 0) ENGINE=InnoDB[0m
  [1m[35m (5.7ms)[0m  CREATE  INDEX `index_posts_on_user_id` USING btree ON `posts` (`user_id`) 
  [1m[36m (6.8ms)[0m  [1mCREATE TABLE `users` (`id` int(11) auto_increment PRIMARY KEY, `email` varchar(255) DEFAULT '' NOT NULL, `encrypted_password` varchar(255) DEFAULT '' NOT NULL, `reset_password_token` varchar(255), `reset_password_sent_at` datetime, `remember_created_at` datetime, `sign_in_count` int(11) DEFAULT 0 NOT NULL, `current_sign_in_at` datetime, `last_sign_in_at` datetime, `current_sign_in_ip` varchar(255), `last_sign_in_ip` varchar(255), `first_name` varchar(255), `last_name` varchar(255), `username` varchar(255), `created_at` datetime NOT NULL, `updated_at` datetime NOT NULL, `type` varchar(255), `phone` varchar(255)) ENGINE=InnoDB[0m
  [1m[35m (6.4ms)[0m  CREATE UNIQUE INDEX `index_users_on_email` USING btree ON `users` (`email`) 
  [1m[36m (5.4ms)[0m  [1mCREATE UNIQUE INDEX `index_users_on_reset_password_token` USING btree ON `users` (`reset_password_token`) [0m
  [1m[35m (13.8ms)[0m  ALTER TABLE `audit_logs` ADD CONSTRAINT `fk_rails_1f26bc34ae`
FOREIGN KEY (`user_id`)
  REFERENCES `users` (`id`)

  [1m[36m (13.5ms)[0m  [1mALTER TABLE `posts` ADD CONSTRAINT `fk_rails_5b5ddfd518`
FOREIGN KEY (`user_id`)
  REFERENCES `users` (`id`)
[0m
  [1m[35m (6.5ms)[0m  CREATE TABLE `schema_migrations` (`version` varchar(255) NOT NULL) ENGINE=InnoDB
  [1m[36m (11.0ms)[0m  [1mCREATE UNIQUE INDEX `unique_schema_migrations`  ON `schema_migrations` (`version`) [0m
  [1m[35m (0.6ms)[0m  SELECT version FROM `schema_migrations`
  [1m[36m (1.1ms)[0m  [1mINSERT INTO `schema_migrations` (version) VALUES ('20180910192428')[0m
  [1m[35m (1.1ms)[0m  INSERT INTO `schema_migrations` (version) VALUES ('20180814204459')
  [1m[36m (0.9ms)[0m  [1mINSERT INTO `schema_migrations` (version) VALUES ('20180814165652')[0m
  [1m[35m (0.8ms)[0m  INSERT INTO `schema_migrations` (version) VALUES ('20180906183217')
  [1m[36m (1.6ms)[0m  [1mINSERT INTO `schema_migrations` (version) VALUES ('20180904193229')[0m
  [1m[35m (0.8ms)[0m  INSERT INTO `schema_migrations` (version) VALUES ('20180814163135')
  [1m[36m (0.8ms)[0m  [1mINSERT INTO `schema_migrations` (version) VALUES ('20180814190309')[0m
  [1m[35m (0.8ms)[0m  INSERT INTO `schema_migrations` (version) VALUES ('20180827213158')
  [1m[36mActiveRecord::SchemaMigration Load (0.6ms)[0m  [1mSELECT `schema_migrations`.* FROM `schema_migrations`[0m
  [1m[35m (1.0ms)[0m  BEGIN
  [1m[36mUser Exists (2.0ms)[0m  [1mSELECT  1 AS one FROM `users` WHERE `users`.`email` = BINARY 'user@test.com' LIMIT 1[0m
  [1m[35mSQL (0.7ms)[0m  INSERT INTO `users` (`email`, `encrypted_password`, `first_name`, `last_name`, `phone`, `created_at`, `updated_at`) VALUES ('user@test.com', '$2a$11$u4s3CPG1R4858/87EZnkteBtT8kA.HtktMJeFb59Ek1zoGukFaGKa', 'Reg', 'User', '5196436458', '2018-10-26 15:20:15', '2018-10-26 15:20:15')
  [1m[36m (1.9ms)[0m  [1mCOMMIT[0m
  [1m[35m (0.5ms)[0m  BEGIN
  [1m[36mSQL (0.6ms)[0m  [1mINSERT INTO `posts` (`date`, `rationale`, `user_id`, `overtime_request`, `created_at`, `updated_at`) VALUES ('2018-10-26', '0 - reg user rationale content', 1, 2, '2018-10-26 15:20:15', '2018-10-26 15:20:15')[0m
  [1m[35m (1.9ms)[0m  COMMIT
  [1m[36m (0.6ms)[0m  [1mBEGIN[0m
  [1m[35mSQL (0.7ms)[0m  INSERT INTO `posts` (`date`, `rationale`, `user_id`, `overtime_request`, `created_at`, `updated_at`) VALUES ('2018-10-26', '1 - reg user rationale content', 1, 2, '2018-10-26 15:20:15', '2018-10-26 15:20:15')
  [1m[36m (2.1ms)[0m  [1mCOMMIT[0m
  [1m[35m (0.5ms)[0m  BEGIN
  [1m[36mSQL (0.5ms)[0m  [1mINSERT INTO `posts` (`date`, `rationale`, `user_id`, `overtime_request`, `created_at`, `updated_at`) VALUES ('2018-10-26', '2 - reg user rationale content', 1, 2, '2018-10-26 15:20:15', '2018-10-26 15:20:15')[0m
  [1m[35m (1.0ms)[0m  COMMIT
  [1m[36m (0.5ms)[0m  [1mBEGIN[0m
  [1m[35mSQL (0.6ms)[0m  INSERT INTO `posts` (`date`, `rationale`, `user_id`, `overtime_request`, `created_at`, `updated_at`) VALUES ('2018-10-26', '3 - reg user rationale content', 1, 2, '2018-10-26 15:20:15', '2018-10-26 15:20:15')
  [1m[36m (1.0ms)[0m  [1mCOMMIT[0m
  [1m[35m (0.4ms)[0m  BEGIN
  [1m[36mSQL (0.5ms)[0m  [1mINSERT INTO `posts` (`date`, `rationale`, `user_id`, `overtime_request`, `created_at`, `updated_at`) VALUES ('2018-10-26', '4 - reg user rationale content', 1, 2, '2018-10-26 15:20:15', '2018-10-26 15:20:15')[0m
  [1m[35m (1.5ms)[0m  COMMIT
  [1m[36m (1.0ms)[0m  [1mBEGIN[0m
  [1m[35mUser Exists (0.9ms)[0m  SELECT  1 AS one FROM `users` WHERE `users`.`email` = BINARY 'admin@test.com' LIMIT 1
  [1m[36mSQL (0.8ms)[0m  [1mINSERT INTO `users` (`type`, `email`, `encrypted_password`, `first_name`, `last_name`, `phone`, `created_at`, `updated_at`) VALUES ('AdminUser', 'admin@test.com', '$2a$11$HPSUOb5/1mPo3lAJIZbrx.Kq3lMYrA5tFVJbaoO9Ol05JXdUDACU.', 'Admin', 'Name', '5196436458', '2018-10-26 15:20:15', '2018-10-26 15:20:15')[0m
  [1m[35m (2.8ms)[0m  COMMIT
  [1m[36m (0.4ms)[0m  [1mBEGIN[0m
  [1m[35mSQL (0.5ms)[0m  INSERT INTO `posts` (`date`, `rationale`, `user_id`, `created_at`, `updated_at`) VALUES ('2018-10-26', '0 - admin post rationale content', 2, '2018-10-26 15:20:15', '2018-10-26 15:20:15')
  [1m[36m (0.9ms)[0m  [1mCOMMIT[0m
  [1m[35m (0.3ms)[0m  BEGIN
  [1m[36mSQL (0.5ms)[0m  [1mINSERT INTO `posts` (`date`, `rationale`, `user_id`, `created_at`, `updated_at`) VALUES ('2018-10-26', '1 - admin post rationale content', 2, '2018-10-26 15:20:15', '2018-10-26 15:20:15')[0m
  [1m[35m (1.0ms)[0m  COMMIT
  [1m[36m (0.4ms)[0m  [1mBEGIN[0m
  [1m[35mSQL (0.8ms)[0m  INSERT INTO `posts` (`date`, `rationale`, `user_id`, `created_at`, `updated_at`) VALUES ('2018-10-26', '2 - admin post rationale content', 2, '2018-10-26 15:20:15', '2018-10-26 15:20:15')
  [1m[36m (1.9ms)[0m  [1mCOMMIT[0m
  [1m[35m (0.5ms)[0m  BEGIN
  [1m[36mSQL (0.6ms)[0m  [1mINSERT INTO `posts` (`date`, `rationale`, `user_id`, `created_at`, `updated_at`) VALUES ('2018-10-26', '3 - admin post rationale content', 2, '2018-10-26 15:20:15', '2018-10-26 15:20:15')[0m
  [1m[35m (1.0ms)[0m  COMMIT
  [1m[36m (0.4ms)[0m  [1mBEGIN[0m
  [1m[35mSQL (0.5ms)[0m  INSERT INTO `posts` (`date`, `rationale`, `user_id`, `created_at`, `updated_at`) VALUES ('2018-10-26', '4 - admin post rationale content', 2, '2018-10-26 15:20:15', '2018-10-26 15:20:15')
  [1m[36m (1.1ms)[0m  [1mCOMMIT[0m
  [1m[35mUser Load (0.7ms)[0m  SELECT  `users`.* FROM `users`  ORDER BY `users`.`id` DESC LIMIT 1
  [1m[36m (0.6ms)[0m  [1mBEGIN[0m
  [1m[35mSQL (0.7ms)[0m  INSERT INTO `audit_logs` (`user_id`, `start_date`, `created_at`, `updated_at`) VALUES (2, '2018-10-20', '2018-10-26 15:20:15', '2018-10-26 15:20:15')
  [1m[36m (2.1ms)[0m  [1mCOMMIT[0m
  [1m[35mUser Load (0.6ms)[0m  SELECT  `users`.* FROM `users`  ORDER BY `users`.`id` DESC LIMIT 1
  [1m[36m (0.5ms)[0m  [1mBEGIN[0m
  [1m[35mSQL (0.6ms)[0m  INSERT INTO `audit_logs` (`user_id`, `status`, `start_date`, `created_at`, `updated_at`) VALUES (2, 1, '2018-10-20', '2018-10-26 15:20:15', '2018-10-26 15:20:15')
  [1m[36m (2.7ms)[0m  [1mCOMMIT[0m
  [1m[35mUser Load (0.5ms)[0m  SELECT  `users`.* FROM `users`  ORDER BY `users`.`id` DESC LIMIT 1
